{"name": "test_products_group", "status": "skipped", "statusDetails": {"message": "XFAIL Wait for fix bug\n\nselenium.common.exceptions.ElementClickInterceptedException: Message: element click intercepted: Element <a href=\"https://test-shop.qa.studio?products_group=sale\" class=\"tab-sale \">...</a> is not clickable at point (669, 635). Other element would receive the click: <div class=\"catalog-toolbar-tabs__content\">...</div>\n  (Session info: chrome=126.0.6478.183)\nStacktrace:\n0   chromedriver                        0x0000000102237078 chromedriver + 5169272\n1   chromedriver                        0x000000010222ef4a chromedriver + 5136202\n2   chromedriver                        0x0000000101dab36c chromedriver + 402284\n3   chromedriver                        0x0000000101dff6b6 chromedriver + 747190\n4   chromedriver                        0x0000000101dfd4e8 chromedriver + 738536\n5   chromedriver                        0x0000000101dfaef7 chromedriver + 728823\n6   chromedriver                        0x0000000101df9d12 chromedriver + 724242\n7   chromedriver                        0x0000000101ded562 chromedriver + 673122\n8   chromedriver                        0x0000000101e1bab2 chromedriver + 862898\n9   chromedriver                        0x0000000101deced8 chromedriver + 671448\n10  chromedriver                        0x0000000101e1bc6e chromedriver + 863342\n11  chromedriver                        0x0000000101e3af57 chromedriver + 991063\n12  chromedriver                        0x0000000101e1b853 chromedriver + 862291\n13  chromedriver                        0x0000000101deb5c6 chromedriver + 665030\n14  chromedriver                        0x0000000101debe4e chromedriver + 667214\n15  chromedriver                        0x00000001021f9c90 chromedriver + 4918416\n16  chromedriver                        0x00000001021fec8d chromedriver + 4938893\n17  chromedriver                        0x00000001021ff365 chromedriver + 4940645\n18  chromedriver                        0x00000001021dad74 chromedriver + 4791668\n19  chromedriver                        0x00000001021ff659 chromedriver + 4941401\n20  chromedriver                        0x00000001021cc544 chromedriver + 4732228\n21  chromedriver                        0x000000010221f828 chromedriver + 5072936\n22  chromedriver                        0x000000010221f9e7 chromedriver + 5073383\n23  chromedriver                        0x000000010222eafe chromedriver + 5135102\n24  libsystem_pthread.dylib             0x00007ff80b34a4e1 _pthread_start + 125\n25  libsystem_pthread.dylib             0x00007ff80b345f6b thread_start + 15", "trace": "tests/test_shop.py:48: in test_products_group\n    element.click()\n        browser    = <selenium.webdriver.chrome.webdriver.WebDriver (session=\"e29ea154224d31296a195f492b51986f\")>\n        element    = <selenium.webdriver.remote.webelement.WebElement (session=\"e29ea154224d31296a195f492b51986f\", element=\"f.BA8A597D48340A7B21DFD932DADD098E.d.B4AAD21729E1FCD46EC25F434D52FDA7.e.147\")>\n        elements   = [<selenium.webdriver.remote.webelement.WebElement (session=\"e29ea154224d31296a195f492b51986f\", element=\"f.BA8A597D4834...ea154224d31296a195f492b51986f\", element=\"f.BA8A597D48340A7B21DFD932DADD098E.d.E4ABBCA31B5169C5B6CE12030DD7F002.e.63\")>]\n        expected_menu = [('Все', '', \"[class='tab-all active']\"), ('Бестселлеры', '/?products_group=best_sellers', \"[class='tab-best_sellers '... '/?products_group=new', \"[class='tab-new ']\"), ('Распродажа товаров', '/?products_group=sale', \"[class='tab-sale ']\")]\n        item       = ('Распродажа товаров', '/?products_group=sale', \"[class='tab-sale ']\")\n        menu_element = \"[class='catalog-toolbar-tabs__content'] a\"\n/Library/Frameworks/Python.framework/Versions/3.12/lib/python3.12/site-packages/selenium/webdriver/remote/webelement.py:94: in click\n    self._execute(Command.CLICK_ELEMENT)\n        self       = <selenium.webdriver.remote.webelement.WebElement (session=\"e29ea154224d31296a195f492b51986f\", element=\"f.BA8A597D48340A7B21DFD932DADD098E.d.B4AAD21729E1FCD46EC25F434D52FDA7.e.147\")>\n/Library/Frameworks/Python.framework/Versions/3.12/lib/python3.12/site-packages/selenium/webdriver/remote/webelement.py:395: in _execute\n    return self._parent.execute(command, params)\n        command    = 'clickElement'\n        params     = {'id': 'f.BA8A597D48340A7B21DFD932DADD098E.d.B4AAD21729E1FCD46EC25F434D52FDA7.e.147'}\n        self       = <selenium.webdriver.remote.webelement.WebElement (session=\"e29ea154224d31296a195f492b51986f\", element=\"f.BA8A597D48340A7B21DFD932DADD098E.d.B4AAD21729E1FCD46EC25F434D52FDA7.e.147\")>\n/Library/Frameworks/Python.framework/Versions/3.12/lib/python3.12/site-packages/selenium/webdriver/remote/webdriver.py:354: in execute\n    self.error_handler.check_response(response)\n        driver_command = 'clickElement'\n        params     = {}\n        response   = {'status': 400, 'value': '{\"value\":{\"error\":\"element click intercepted\",\"message\":\"element click intercepted: Element ...ff80b34a4e1 _pthread_start + 125\\\\n25  libsystem_pthread.dylib             0x00007ff80b345f6b thread_start + 15\\\\n\"}}'}\n        self       = <selenium.webdriver.chrome.webdriver.WebDriver (session=\"e29ea154224d31296a195f492b51986f\")>\n/Library/Frameworks/Python.framework/Versions/3.12/lib/python3.12/site-packages/selenium/webdriver/remote/errorhandler.py:229: in check_response\n    raise exception_class(message, screen, stacktrace)\nE   selenium.common.exceptions.ElementClickInterceptedException: Message: element click intercepted: Element <a href=\"https://test-shop.qa.studio?products_group=sale\" class=\"tab-sale \">...</a> is not clickable at point (669, 635). Other element would receive the click: <div class=\"catalog-toolbar-tabs__content\">...</div>\nE     (Session info: chrome=126.0.6478.183)\nE   Stacktrace:\nE   0   chromedriver                        0x0000000102237078 chromedriver + 5169272\nE   1   chromedriver                        0x000000010222ef4a chromedriver + 5136202\nE   2   chromedriver                        0x0000000101dab36c chromedriver + 402284\nE   3   chromedriver                        0x0000000101dff6b6 chromedriver + 747190\nE   4   chromedriver                        0x0000000101dfd4e8 chromedriver + 738536\nE   5   chromedriver                        0x0000000101dfaef7 chromedriver + 728823\nE   6   chromedriver                        0x0000000101df9d12 chromedriver + 724242\nE   7   chromedriver                        0x0000000101ded562 chromedriver + 673122\nE   8   chromedriver                        0x0000000101e1bab2 chromedriver + 862898\nE   9   chromedriver                        0x0000000101deced8 chromedriver + 671448\nE   10  chromedriver                        0x0000000101e1bc6e chromedriver + 863342\nE   11  chromedriver                        0x0000000101e3af57 chromedriver + 991063\nE   12  chromedriver                        0x0000000101e1b853 chromedriver + 862291\nE   13  chromedriver                        0x0000000101deb5c6 chromedriver + 665030\nE   14  chromedriver                        0x0000000101debe4e chromedriver + 667214\nE   15  chromedriver                        0x00000001021f9c90 chromedriver + 4918416\nE   16  chromedriver                        0x00000001021fec8d chromedriver + 4938893\nE   17  chromedriver                        0x00000001021ff365 chromedriver + 4940645\nE   18  chromedriver                        0x00000001021dad74 chromedriver + 4791668\nE   19  chromedriver                        0x00000001021ff659 chromedriver + 4941401\nE   20  chromedriver                        0x00000001021cc544 chromedriver + 4732228\nE   21  chromedriver                        0x000000010221f828 chromedriver + 5072936\nE   22  chromedriver                        0x000000010221f9e7 chromedriver + 5073383\nE   23  chromedriver                        0x000000010222eafe chromedriver + 5135102\nE   24  libsystem_pthread.dylib             0x00007ff80b34a4e1 _pthread_start + 125\nE   25  libsystem_pthread.dylib             0x00007ff80b345f6b thread_start + 15\n        e          = <selenium.webdriver.remote.errorhandler.ErrorCode object at 0x108c91760>\n        error_code = 'ELEMENT_CLICK_INTERCEPTED'\n        error_codes = ['ELEMENT_CLICK_INTERCEPTED', 'ELEMENT_IS_NOT_SELECTABLE', 'ELEMENT_NOT_INTERACTABLE', 'ELEMENT_NOT_VISIBLE', 'IME_ENGINE_ACTIVATION_FAILED', 'IME_NOT_AVAILABLE', ...]\n        error_info = [64, 'element click intercepted']\n        exception_class = <class 'selenium.common.exceptions.ElementClickInterceptedException'>\n        json       = <module 'json' from '/Library/Frameworks/Python.framework/Versions/3.12/lib/python3.12/json/__init__.py'>\n        message    = 'element click intercepted: Element <a href=\"https://test-shop.qa.studio?products_group=sale\" class=\"tab-sale \">...</a...would receive the click: <div class=\"catalog-toolbar-tabs__content\">...</div>\\n  (Session info: chrome=126.0.6478.183)'\n        response   = {'status': 400, 'value': '{\"value\":{\"error\":\"element click intercepted\",\"message\":\"element click intercepted: Element ...ff80b34a4e1 _pthread_start + 125\\\\n25  libsystem_pthread.dylib             0x00007ff80b345f6b thread_start + 15\\\\n\"}}'}\n        screen     = None\n        self       = <selenium.webdriver.remote.errorhandler.ErrorHandler object at 0x1086cf3e0>\n        st_value   = '0   chromedriver                        0x0000000102237078 chromedriver + 5169272\\n1   chromedriver                  ...x00007ff80b34a4e1 _pthread_start + 125\\n25  libsystem_pthread.dylib             0x00007ff80b345f6b thread_start + 15\\n'\n        stacktrace = ['0   chromedriver                        0x0000000102237078 chromedriver + 5169272', '1   chromedriver               ...dfd4e8 chromedriver + 738536', '5   chromedriver                        0x0000000101dfaef7 chromedriver + 728823', ...]\n        status     = 'element click intercepted'\n        value      = {'error': 'element click intercepted', 'message': 'element click intercepted: Element <a href=\"https://test-shop.qa.st...00007ff80b34a4e1 _pthread_start + 125\\n25  libsystem_pthread.dylib             0x00007ff80b345f6b thread_start + 15\\n'}\n        value_json = '{\"value\":{\"error\":\"element click intercepted\",\"message\":\"element click intercepted: Element \\\\u003Ca href=\\\\\"https://...7ff80b34a4e1 _pthread_start + 125\\\\n25  libsystem_pthread.dylib             0x00007ff80b345f6b thread_start + 15\\\\n\"}}'"}, "description": "\n    Test case TC-2\n    ", "start": 1721594476536, "stop": 1721594482315, "uuid": "02a6dd54-756e-4666-8f69-4a720260ddff", "historyId": "4fdd6adba16e950b161eae73ef4ccb14", "testCaseId": "4fdd6adba16e950b161eae73ef4ccb14", "fullName": "tests.test_shop#test_products_group", "labels": [{"name": "tag", "value": "@pytest.mark.xfail(reason='Wait for fix bug')"}, {"name": "parentSuite", "value": "tests"}, {"name": "suite", "value": "test_shop"}, {"name": "host", "value": "MacBook-Pro-Sergej.local"}, {"name": "thread", "value": "12211-MainThread"}, {"name": "framework", "value": "pytest"}, {"name": "language", "value": "cpython3"}, {"name": "package", "value": "tests.test_shop"}]}