{"name": "test_count_of_all_products", "status": "broken", "statusDetails": {"message": "selenium.common.exceptions.TimeoutException: Message:", "trace": "tests/test_shop.py:62: in test_count_of_all_products\n    WebDriverWait(browser, timeout=10, poll_frequency=2).until(EC.text_to_be_present_in_element(\n        browser    = <selenium.webdriver.chrome.webdriver.WebDriver (session=\"6d1d904efc5450caba1136585a111bb8\")>\n/Library/Frameworks/Python.framework/Versions/3.12/lib/python3.12/site-packages/selenium/webdriver/support/wait.py:105: in until\n    raise TimeoutException(message, screen, stacktrace)\nE   selenium.common.exceptions.TimeoutException: Message:\n        end_time   = 28472.174071306\n        message    = ''\n        method     = <function text_to_be_present_in_element.<locals>._predicate at 0x10ef1d620>\n        screen     = None\n        self       = <selenium.webdriver.support.wait.WebDriverWait (session=\"6d1d904efc5450caba1136585a111bb8\")>\n        stacktrace = None\n        value      = False"}, "description": "\n    Test case TC-3\n    ", "start": 1721593091526, "stop": 1721593103026, "uuid": "60d693c4-8df9-41c5-bbad-967281d1ecd4", "historyId": "fbaf36f5b8599b571268ed0e3d8725a7", "testCaseId": "fbaf36f5b8599b571268ed0e3d8725a7", "fullName": "tests.test_shop#test_count_of_all_products", "labels": [{"name": "parentSuite", "value": "tests"}, {"name": "suite", "value": "test_shop"}, {"name": "host", "value": "MacBook-Pro-Sergej.local"}, {"name": "thread", "value": "11741-MainThread"}, {"name": "framework", "value": "pytest"}, {"name": "language", "value": "cpython3"}, {"name": "package", "value": "tests.test_shop"}]}