{"name": "test_products_group", "status": "skipped", "statusDetails": {"message": "XFAIL Wait for fix bug\n\nselenium.common.exceptions.ElementClickInterceptedException: Message: element click intercepted: Element <a href=\"https://test-shop.qa.studio?products_group=sale\" class=\"tab-sale \">...</a> is not clickable at point (669, 635). Other element would receive the click: <div class=\"catalog-toolbar-tabs__content\">...</div>\n  (Session info: chrome=126.0.6478.183)\nStacktrace:\n0   chromedriver                        0x00000001068d3078 chromedriver + 5169272\n1   chromedriver                        0x00000001068caf4a chromedriver + 5136202\n2   chromedriver                        0x000000010644736c chromedriver + 402284\n3   chromedriver                        0x000000010649b6b6 chromedriver + 747190\n4   chromedriver                        0x00000001064994e8 chromedriver + 738536\n5   chromedriver                        0x0000000106496ef7 chromedriver + 728823\n6   chromedriver                        0x0000000106495d12 chromedriver + 724242\n7   chromedriver                        0x0000000106489562 chromedriver + 673122\n8   chromedriver                        0x00000001064b7ab2 chromedriver + 862898\n9   chromedriver                        0x0000000106488ed8 chromedriver + 671448\n10  chromedriver                        0x00000001064b7c6e chromedriver + 863342\n11  chromedriver                        0x00000001064d6f57 chromedriver + 991063\n12  chromedriver                        0x00000001064b7853 chromedriver + 862291\n13  chromedriver                        0x00000001064875c6 chromedriver + 665030\n14  chromedriver                        0x0000000106487e4e chromedriver + 667214\n15  chromedriver                        0x0000000106895c90 chromedriver + 4918416\n16  chromedriver                        0x000000010689ac8d chromedriver + 4938893\n17  chromedriver                        0x000000010689b365 chromedriver + 4940645\n18  chromedriver                        0x0000000106876d74 chromedriver + 4791668\n19  chromedriver                        0x000000010689b659 chromedriver + 4941401\n20  chromedriver                        0x0000000106868544 chromedriver + 4732228\n21  chromedriver                        0x00000001068bb828 chromedriver + 5072936\n22  chromedriver                        0x00000001068bb9e7 chromedriver + 5073383\n23  chromedriver                        0x00000001068caafe chromedriver + 5135102\n24  libsystem_pthread.dylib             0x00007ff80b34a4e1 _pthread_start + 125\n25  libsystem_pthread.dylib             0x00007ff80b345f6b thread_start + 15", "trace": "tests/test_shop.py:48: in test_products_group\n    element.click()\n        browser    = <selenium.webdriver.chrome.webdriver.WebDriver (session=\"8850d906cd7e01ce1ff399157ed338db\")>\n        element    = <selenium.webdriver.remote.webelement.WebElement (session=\"8850d906cd7e01ce1ff399157ed338db\", element=\"f.6E1015056E021758A8AAA223D60D645E.d.0DCC3A2CADE947F01CC0C9F2615EA91A.e.139\")>\n        elements   = [<selenium.webdriver.remote.webelement.WebElement (session=\"8850d906cd7e01ce1ff399157ed338db\", element=\"f.6E1015056E02...0d906cd7e01ce1ff399157ed338db\", element=\"f.6E1015056E021758A8AAA223D60D645E.d.AC5DF44F082E149D5A5C42C4FAD73179.e.82\")>]\n        expected_menu = [('Все', '', \"[class='tab-all active']\"), ('Бестселлеры', '/?products_group=best_sellers', \"[class='tab-best_sellers '... '/?products_group=new', \"[class='tab-new ']\"), ('Распродажа товаров', '/?products_group=sale', \"[class='tab-sale ']\")]\n        item       = ('Распродажа товаров', '/?products_group=sale', \"[class='tab-sale ']\")\n        menu_element = \"[class='catalog-toolbar-tabs__content'] a\"\n/Library/Frameworks/Python.framework/Versions/3.12/lib/python3.12/site-packages/selenium/webdriver/remote/webelement.py:94: in click\n    self._execute(Command.CLICK_ELEMENT)\n        self       = <selenium.webdriver.remote.webelement.WebElement (session=\"8850d906cd7e01ce1ff399157ed338db\", element=\"f.6E1015056E021758A8AAA223D60D645E.d.0DCC3A2CADE947F01CC0C9F2615EA91A.e.139\")>\n/Library/Frameworks/Python.framework/Versions/3.12/lib/python3.12/site-packages/selenium/webdriver/remote/webelement.py:395: in _execute\n    return self._parent.execute(command, params)\n        command    = 'clickElement'\n        params     = {'id': 'f.6E1015056E021758A8AAA223D60D645E.d.0DCC3A2CADE947F01CC0C9F2615EA91A.e.139'}\n        self       = <selenium.webdriver.remote.webelement.WebElement (session=\"8850d906cd7e01ce1ff399157ed338db\", element=\"f.6E1015056E021758A8AAA223D60D645E.d.0DCC3A2CADE947F01CC0C9F2615EA91A.e.139\")>\n/Library/Frameworks/Python.framework/Versions/3.12/lib/python3.12/site-packages/selenium/webdriver/remote/webdriver.py:354: in execute\n    self.error_handler.check_response(response)\n        driver_command = 'clickElement'\n        params     = {}\n        response   = {'status': 400, 'value': '{\"value\":{\"error\":\"element click intercepted\",\"message\":\"element click intercepted: Element ...ff80b34a4e1 _pthread_start + 125\\\\n25  libsystem_pthread.dylib             0x00007ff80b345f6b thread_start + 15\\\\n\"}}'}\n        self       = <selenium.webdriver.chrome.webdriver.WebDriver (session=\"8850d906cd7e01ce1ff399157ed338db\")>\n/Library/Frameworks/Python.framework/Versions/3.12/lib/python3.12/site-packages/selenium/webdriver/remote/errorhandler.py:229: in check_response\n    raise exception_class(message, screen, stacktrace)\nE   selenium.common.exceptions.ElementClickInterceptedException: Message: element click intercepted: Element <a href=\"https://test-shop.qa.studio?products_group=sale\" class=\"tab-sale \">...</a> is not clickable at point (669, 635). Other element would receive the click: <div class=\"catalog-toolbar-tabs__content\">...</div>\nE     (Session info: chrome=126.0.6478.183)\nE   Stacktrace:\nE   0   chromedriver                        0x00000001068d3078 chromedriver + 5169272\nE   1   chromedriver                        0x00000001068caf4a chromedriver + 5136202\nE   2   chromedriver                        0x000000010644736c chromedriver + 402284\nE   3   chromedriver                        0x000000010649b6b6 chromedriver + 747190\nE   4   chromedriver                        0x00000001064994e8 chromedriver + 738536\nE   5   chromedriver                        0x0000000106496ef7 chromedriver + 728823\nE   6   chromedriver                        0x0000000106495d12 chromedriver + 724242\nE   7   chromedriver                        0x0000000106489562 chromedriver + 673122\nE   8   chromedriver                        0x00000001064b7ab2 chromedriver + 862898\nE   9   chromedriver                        0x0000000106488ed8 chromedriver + 671448\nE   10  chromedriver                        0x00000001064b7c6e chromedriver + 863342\nE   11  chromedriver                        0x00000001064d6f57 chromedriver + 991063\nE   12  chromedriver                        0x00000001064b7853 chromedriver + 862291\nE   13  chromedriver                        0x00000001064875c6 chromedriver + 665030\nE   14  chromedriver                        0x0000000106487e4e chromedriver + 667214\nE   15  chromedriver                        0x0000000106895c90 chromedriver + 4918416\nE   16  chromedriver                        0x000000010689ac8d chromedriver + 4938893\nE   17  chromedriver                        0x000000010689b365 chromedriver + 4940645\nE   18  chromedriver                        0x0000000106876d74 chromedriver + 4791668\nE   19  chromedriver                        0x000000010689b659 chromedriver + 4941401\nE   20  chromedriver                        0x0000000106868544 chromedriver + 4732228\nE   21  chromedriver                        0x00000001068bb828 chromedriver + 5072936\nE   22  chromedriver                        0x00000001068bb9e7 chromedriver + 5073383\nE   23  chromedriver                        0x00000001068caafe chromedriver + 5135102\nE   24  libsystem_pthread.dylib             0x00007ff80b34a4e1 _pthread_start + 125\nE   25  libsystem_pthread.dylib             0x00007ff80b345f6b thread_start + 15\n        e          = <selenium.webdriver.remote.errorhandler.ErrorCode object at 0x108f51760>\n        error_code = 'ELEMENT_CLICK_INTERCEPTED'\n        error_codes = ['ELEMENT_CLICK_INTERCEPTED', 'ELEMENT_IS_NOT_SELECTABLE', 'ELEMENT_NOT_INTERACTABLE', 'ELEMENT_NOT_VISIBLE', 'IME_ENGINE_ACTIVATION_FAILED', 'IME_NOT_AVAILABLE', ...]\n        error_info = [64, 'element click intercepted']\n        exception_class = <class 'selenium.common.exceptions.ElementClickInterceptedException'>\n        json       = <module 'json' from '/Library/Frameworks/Python.framework/Versions/3.12/lib/python3.12/json/__init__.py'>\n        message    = 'element click intercepted: Element <a href=\"https://test-shop.qa.studio?products_group=sale\" class=\"tab-sale \">...</a...would receive the click: <div class=\"catalog-toolbar-tabs__content\">...</div>\\n  (Session info: chrome=126.0.6478.183)'\n        response   = {'status': 400, 'value': '{\"value\":{\"error\":\"element click intercepted\",\"message\":\"element click intercepted: Element ...ff80b34a4e1 _pthread_start + 125\\\\n25  libsystem_pthread.dylib             0x00007ff80b345f6b thread_start + 15\\\\n\"}}'}\n        screen     = None\n        self       = <selenium.webdriver.remote.errorhandler.ErrorHandler object at 0x108f51ca0>\n        st_value   = '0   chromedriver                        0x00000001068d3078 chromedriver + 5169272\\n1   chromedriver                  ...x00007ff80b34a4e1 _pthread_start + 125\\n25  libsystem_pthread.dylib             0x00007ff80b345f6b thread_start + 15\\n'\n        stacktrace = ['0   chromedriver                        0x00000001068d3078 chromedriver + 5169272', '1   chromedriver               ...4994e8 chromedriver + 738536', '5   chromedriver                        0x0000000106496ef7 chromedriver + 728823', ...]\n        status     = 'element click intercepted'\n        value      = {'error': 'element click intercepted', 'message': 'element click intercepted: Element <a href=\"https://test-shop.qa.st...00007ff80b34a4e1 _pthread_start + 125\\n25  libsystem_pthread.dylib             0x00007ff80b345f6b thread_start + 15\\n'}\n        value_json = '{\"value\":{\"error\":\"element click intercepted\",\"message\":\"element click intercepted: Element \\\\u003Ca href=\\\\\"https://...7ff80b34a4e1 _pthread_start + 125\\\\n25  libsystem_pthread.dylib             0x00007ff80b345f6b thread_start + 15\\\\n\"}}'"}, "description": "\n    Test case TC-2\n    ", "start": 1721594804522, "stop": 1721594813720, "uuid": "32d3cdd6-af3a-4839-b05b-b8713a68bd8f", "historyId": "4fdd6adba16e950b161eae73ef4ccb14", "testCaseId": "4fdd6adba16e950b161eae73ef4ccb14", "fullName": "tests.test_shop#test_products_group", "labels": [{"name": "tag", "value": "@pytest.mark.xfail(reason='Wait for fix bug')"}, {"name": "parentSuite", "value": "tests"}, {"name": "suite", "value": "test_shop"}, {"name": "host", "value": "MacBook-Pro-Sergej.local"}, {"name": "thread", "value": "12382-MainThread"}, {"name": "framework", "value": "pytest"}, {"name": "language", "value": "cpython3"}, {"name": "package", "value": "tests.test_shop"}]}