{"name": "test_products_group", "status": "skipped", "statusDetails": {"message": "XFAIL Wait for fix bug\n\nselenium.common.exceptions.ElementClickInterceptedException: Message: element click intercepted: Element <a href=\"https://test-shop.qa.studio?products_group=sale\" class=\"tab-sale \">...</a> is not clickable at point (669, 635). Other element would receive the click: <div class=\"catalog-toolbar-tabs__content\">...</div>\n  (Session info: chrome=126.0.6478.183)\nStacktrace:\n0   chromedriver                        0x0000000107b8b078 chromedriver + 5169272\n1   chromedriver                        0x0000000107b82f4a chromedriver + 5136202\n2   chromedriver                        0x00000001076ff36c chromedriver + 402284\n3   chromedriver                        0x00000001077536b6 chromedriver + 747190\n4   chromedriver                        0x00000001077514e8 chromedriver + 738536\n5   chromedriver                        0x000000010774eef7 chromedriver + 728823\n6   chromedriver                        0x000000010774dd12 chromedriver + 724242\n7   chromedriver                        0x0000000107741562 chromedriver + 673122\n8   chromedriver                        0x000000010776fab2 chromedriver + 862898\n9   chromedriver                        0x0000000107740ed8 chromedriver + 671448\n10  chromedriver                        0x000000010776fc6e chromedriver + 863342\n11  chromedriver                        0x000000010778ef57 chromedriver + 991063\n12  chromedriver                        0x000000010776f853 chromedriver + 862291\n13  chromedriver                        0x000000010773f5c6 chromedriver + 665030\n14  chromedriver                        0x000000010773fe4e chromedriver + 667214\n15  chromedriver                        0x0000000107b4dc90 chromedriver + 4918416\n16  chromedriver                        0x0000000107b52c8d chromedriver + 4938893\n17  chromedriver                        0x0000000107b53365 chromedriver + 4940645\n18  chromedriver                        0x0000000107b2ed74 chromedriver + 4791668\n19  chromedriver                        0x0000000107b53659 chromedriver + 4941401\n20  chromedriver                        0x0000000107b20544 chromedriver + 4732228\n21  chromedriver                        0x0000000107b73828 chromedriver + 5072936\n22  chromedriver                        0x0000000107b739e7 chromedriver + 5073383\n23  chromedriver                        0x0000000107b82afe chromedriver + 5135102\n24  libsystem_pthread.dylib             0x00007ff80b34a4e1 _pthread_start + 125\n25  libsystem_pthread.dylib             0x00007ff80b345f6b thread_start + 15", "trace": "tests/test_shop.py:48: in test_products_group\n    element.click()\n        browser    = <selenium.webdriver.chrome.webdriver.WebDriver (session=\"6d1d904efc5450caba1136585a111bb8\")>\n        element    = <selenium.webdriver.remote.webelement.WebElement (session=\"6d1d904efc5450caba1136585a111bb8\", element=\"f.CF88B50404680D4D9D7603359BA8D9B6.d.3159FCDE6FF68DCF584EEAAA4FCB74B9.e.148\")>\n        elements   = [<selenium.webdriver.remote.webelement.WebElement (session=\"6d1d904efc5450caba1136585a111bb8\", element=\"f.CF88B5040468...d904efc5450caba1136585a111bb8\", element=\"f.CF88B50404680D4D9D7603359BA8D9B6.d.84EDBF77707127C752879C321190C3CF.e.61\")>]\n        expected_menu = [('Все', '', \"[class='tab-all active']\"), ('Бестселлеры', '/?products_group=best_sellers', \"[class='tab-best_sellers '... '/?products_group=new', \"[class='tab-new ']\"), ('Распродажа товаров', '/?products_group=sale', \"[class='tab-sale ']\")]\n        item       = ('Распродажа товаров', '/?products_group=sale', \"[class='tab-sale ']\")\n        menu_element = \"[class='catalog-toolbar-tabs__content'] a\"\n/Library/Frameworks/Python.framework/Versions/3.12/lib/python3.12/site-packages/selenium/webdriver/remote/webelement.py:94: in click\n    self._execute(Command.CLICK_ELEMENT)\n        self       = <selenium.webdriver.remote.webelement.WebElement (session=\"6d1d904efc5450caba1136585a111bb8\", element=\"f.CF88B50404680D4D9D7603359BA8D9B6.d.3159FCDE6FF68DCF584EEAAA4FCB74B9.e.148\")>\n/Library/Frameworks/Python.framework/Versions/3.12/lib/python3.12/site-packages/selenium/webdriver/remote/webelement.py:395: in _execute\n    return self._parent.execute(command, params)\n        command    = 'clickElement'\n        params     = {'id': 'f.CF88B50404680D4D9D7603359BA8D9B6.d.3159FCDE6FF68DCF584EEAAA4FCB74B9.e.148'}\n        self       = <selenium.webdriver.remote.webelement.WebElement (session=\"6d1d904efc5450caba1136585a111bb8\", element=\"f.CF88B50404680D4D9D7603359BA8D9B6.d.3159FCDE6FF68DCF584EEAAA4FCB74B9.e.148\")>\n/Library/Frameworks/Python.framework/Versions/3.12/lib/python3.12/site-packages/selenium/webdriver/remote/webdriver.py:354: in execute\n    self.error_handler.check_response(response)\n        driver_command = 'clickElement'\n        params     = {}\n        response   = {'status': 400, 'value': '{\"value\":{\"error\":\"element click intercepted\",\"message\":\"element click intercepted: Element ...ff80b34a4e1 _pthread_start + 125\\\\n25  libsystem_pthread.dylib             0x00007ff80b345f6b thread_start + 15\\\\n\"}}'}\n        self       = <selenium.webdriver.chrome.webdriver.WebDriver (session=\"6d1d904efc5450caba1136585a111bb8\")>\n/Library/Frameworks/Python.framework/Versions/3.12/lib/python3.12/site-packages/selenium/webdriver/remote/errorhandler.py:229: in check_response\n    raise exception_class(message, screen, stacktrace)\nE   selenium.common.exceptions.ElementClickInterceptedException: Message: element click intercepted: Element <a href=\"https://test-shop.qa.studio?products_group=sale\" class=\"tab-sale \">...</a> is not clickable at point (669, 635). Other element would receive the click: <div class=\"catalog-toolbar-tabs__content\">...</div>\nE     (Session info: chrome=126.0.6478.183)\nE   Stacktrace:\nE   0   chromedriver                        0x0000000107b8b078 chromedriver + 5169272\nE   1   chromedriver                        0x0000000107b82f4a chromedriver + 5136202\nE   2   chromedriver                        0x00000001076ff36c chromedriver + 402284\nE   3   chromedriver                        0x00000001077536b6 chromedriver + 747190\nE   4   chromedriver                        0x00000001077514e8 chromedriver + 738536\nE   5   chromedriver                        0x000000010774eef7 chromedriver + 728823\nE   6   chromedriver                        0x000000010774dd12 chromedriver + 724242\nE   7   chromedriver                        0x0000000107741562 chromedriver + 673122\nE   8   chromedriver                        0x000000010776fab2 chromedriver + 862898\nE   9   chromedriver                        0x0000000107740ed8 chromedriver + 671448\nE   10  chromedriver                        0x000000010776fc6e chromedriver + 863342\nE   11  chromedriver                        0x000000010778ef57 chromedriver + 991063\nE   12  chromedriver                        0x000000010776f853 chromedriver + 862291\nE   13  chromedriver                        0x000000010773f5c6 chromedriver + 665030\nE   14  chromedriver                        0x000000010773fe4e chromedriver + 667214\nE   15  chromedriver                        0x0000000107b4dc90 chromedriver + 4918416\nE   16  chromedriver                        0x0000000107b52c8d chromedriver + 4938893\nE   17  chromedriver                        0x0000000107b53365 chromedriver + 4940645\nE   18  chromedriver                        0x0000000107b2ed74 chromedriver + 4791668\nE   19  chromedriver                        0x0000000107b53659 chromedriver + 4941401\nE   20  chromedriver                        0x0000000107b20544 chromedriver + 4732228\nE   21  chromedriver                        0x0000000107b73828 chromedriver + 5072936\nE   22  chromedriver                        0x0000000107b739e7 chromedriver + 5073383\nE   23  chromedriver                        0x0000000107b82afe chromedriver + 5135102\nE   24  libsystem_pthread.dylib             0x00007ff80b34a4e1 _pthread_start + 125\nE   25  libsystem_pthread.dylib             0x00007ff80b345f6b thread_start + 15\n        e          = <selenium.webdriver.remote.errorhandler.ErrorCode object at 0x10e8de060>\n        error_code = 'ELEMENT_CLICK_INTERCEPTED'\n        error_codes = ['ELEMENT_CLICK_INTERCEPTED', 'ELEMENT_IS_NOT_SELECTABLE', 'ELEMENT_NOT_INTERACTABLE', 'ELEMENT_NOT_VISIBLE', 'IME_ENGINE_ACTIVATION_FAILED', 'IME_NOT_AVAILABLE', ...]\n        error_info = [64, 'element click intercepted']\n        exception_class = <class 'selenium.common.exceptions.ElementClickInterceptedException'>\n        json       = <module 'json' from '/Library/Frameworks/Python.framework/Versions/3.12/lib/python3.12/json/__init__.py'>\n        message    = 'element click intercepted: Element <a href=\"https://test-shop.qa.studio?products_group=sale\" class=\"tab-sale \">...</a...would receive the click: <div class=\"catalog-toolbar-tabs__content\">...</div>\\n  (Session info: chrome=126.0.6478.183)'\n        response   = {'status': 400, 'value': '{\"value\":{\"error\":\"element click intercepted\",\"message\":\"element click intercepted: Element ...ff80b34a4e1 _pthread_start + 125\\\\n25  libsystem_pthread.dylib             0x00007ff80b345f6b thread_start + 15\\\\n\"}}'}\n        screen     = None\n        self       = <selenium.webdriver.remote.errorhandler.ErrorHandler object at 0x10eed7a70>\n        st_value   = '0   chromedriver                        0x0000000107b8b078 chromedriver + 5169272\\n1   chromedriver                  ...x00007ff80b34a4e1 _pthread_start + 125\\n25  libsystem_pthread.dylib             0x00007ff80b345f6b thread_start + 15\\n'\n        stacktrace = ['0   chromedriver                        0x0000000107b8b078 chromedriver + 5169272', '1   chromedriver               ...7514e8 chromedriver + 738536', '5   chromedriver                        0x000000010774eef7 chromedriver + 728823', ...]\n        status     = 'element click intercepted'\n        value      = {'error': 'element click intercepted', 'message': 'element click intercepted: Element <a href=\"https://test-shop.qa.st...00007ff80b34a4e1 _pthread_start + 125\\n25  libsystem_pthread.dylib             0x00007ff80b345f6b thread_start + 15\\n'}\n        value_json = '{\"value\":{\"error\":\"element click intercepted\",\"message\":\"element click intercepted: Element \\\\u003Ca href=\\\\\"https://...7ff80b34a4e1 _pthread_start + 125\\\\n25  libsystem_pthread.dylib             0x00007ff80b345f6b thread_start + 15\\\\n\"}}'"}, "description": "\n    Test case TC-2\n    ", "start": 1721593083839, "stop": 1721593091426, "uuid": "43ce3a43-8be1-4cf3-92ca-9bcc3ef62072", "historyId": "4fdd6adba16e950b161eae73ef4ccb14", "testCaseId": "4fdd6adba16e950b161eae73ef4ccb14", "fullName": "tests.test_shop#test_products_group", "labels": [{"name": "tag", "value": "@pytest.mark.xfail(reason='Wait for fix bug')"}, {"name": "parentSuite", "value": "tests"}, {"name": "suite", "value": "test_shop"}, {"name": "host", "value": "MacBook-Pro-Sergej.local"}, {"name": "thread", "value": "11741-MainThread"}, {"name": "framework", "value": "pytest"}, {"name": "language", "value": "cpython3"}, {"name": "package", "value": "tests.test_shop"}]}