{"name": "test_product_view_sku", "status": "broken", "statusDetails": {"message": "selenium.common.exceptions.ElementNotInteractableException: Message: element not interactable\n  (Session info: chrome-headless-shell=126.0.6478.183)\nStacktrace:\n0   chromedriver                        0x0000000105f81078 chromedriver + 5169272\n1   chromedriver                        0x0000000105f78f4a chromedriver + 5136202\n2   chromedriver                        0x0000000105af51a1 chromedriver + 401825\n3   chromedriver                        0x0000000105b43aa5 chromedriver + 723621\n4   chromedriver                        0x0000000105b37562 chromedriver + 673122\n5   chromedriver                        0x0000000105b65ab2 chromedriver + 862898\n6   chromedriver                        0x0000000105b36ed8 chromedriver + 671448\n7   chromedriver                        0x0000000105b65c6e chromedriver + 863342\n8   chromedriver                        0x0000000105b84f57 chromedriver + 991063\n9   chromedriver                        0x0000000105b65853 chromedriver + 862291\n10  chromedriver                        0x0000000105b355c6 chromedriver + 665030\n11  chromedriver                        0x0000000105b35e4e chromedriver + 667214\n12  chromedriver                        0x0000000105f43c90 chromedriver + 4918416\n13  chromedriver                        0x0000000105f48c8d chromedriver + 4938893\n14  chromedriver                        0x0000000105f49365 chromedriver + 4940645\n15  chromedriver                        0x0000000105f24d74 chromedriver + 4791668\n16  chromedriver                        0x0000000105f49659 chromedriver + 4941401\n17  chromedriver                        0x0000000105f16544 chromedriver + 4732228\n18  chromedriver                        0x0000000105f69828 chromedriver + 5072936\n19  chromedriver                        0x0000000105f699e7 chromedriver + 5073383\n20  chromedriver                        0x0000000105f78afe chromedriver + 5135102\n21  libsystem_pthread.dylib             0x00007ff80b34a4e1 _pthread_start + 125\n22  libsystem_pthread.dylib             0x00007ff80b345f6b thread_start + 15", "trace": "tests/test_first.py:31: in test_product_view_sku\n    tab_best_sellers.click()\n        chrome_options = <selenium.webdriver.chrome.options.Options object at 0x10a5c69f0>\n        driver     = <selenium.webdriver.chrome.webdriver.WebDriver (session=\"c266810c90ad1e15b2854a72ec493ea2\")>\n        service    = <selenium.webdriver.chrome.service.Service object at 0x10a5c6e70>\n        tab_best_sellers = <selenium.webdriver.remote.webelement.WebElement (session=\"c266810c90ad1e15b2854a72ec493ea2\", element=\"f.FD3756CFB57420EE53D6398F4ABC2D8F.d.C9F0FD8A3BCAA974D9D06F5872348CAE.e.29\")>\n/Library/Frameworks/Python.framework/Versions/3.12/lib/python3.12/site-packages/selenium/webdriver/remote/webelement.py:94: in click\n    self._execute(Command.CLICK_ELEMENT)\n        self       = <selenium.webdriver.remote.webelement.WebElement (session=\"c266810c90ad1e15b2854a72ec493ea2\", element=\"f.FD3756CFB57420EE53D6398F4ABC2D8F.d.C9F0FD8A3BCAA974D9D06F5872348CAE.e.29\")>\n/Library/Frameworks/Python.framework/Versions/3.12/lib/python3.12/site-packages/selenium/webdriver/remote/webelement.py:395: in _execute\n    return self._parent.execute(command, params)\n        command    = 'clickElement'\n        params     = {'id': 'f.FD3756CFB57420EE53D6398F4ABC2D8F.d.C9F0FD8A3BCAA974D9D06F5872348CAE.e.29'}\n        self       = <selenium.webdriver.remote.webelement.WebElement (session=\"c266810c90ad1e15b2854a72ec493ea2\", element=\"f.FD3756CFB57420EE53D6398F4ABC2D8F.d.C9F0FD8A3BCAA974D9D06F5872348CAE.e.29\")>\n/Library/Frameworks/Python.framework/Versions/3.12/lib/python3.12/site-packages/selenium/webdriver/remote/webdriver.py:354: in execute\n    self.error_handler.check_response(response)\n        driver_command = 'clickElement'\n        params     = {}\n        response   = {'status': 400, 'value': '{\"value\":{\"error\":\"element not interactable\",\"message\":\"element not interactable\\\\n  (Sessio...ff80b34a4e1 _pthread_start + 125\\\\n22  libsystem_pthread.dylib             0x00007ff80b345f6b thread_start + 15\\\\n\"}}'}\n        self       = <selenium.webdriver.chrome.webdriver.WebDriver (session=\"c266810c90ad1e15b2854a72ec493ea2\")>\n/Library/Frameworks/Python.framework/Versions/3.12/lib/python3.12/site-packages/selenium/webdriver/remote/errorhandler.py:229: in check_response\n    raise exception_class(message, screen, stacktrace)\nE   selenium.common.exceptions.ElementNotInteractableException: Message: element not interactable\nE     (Session info: chrome-headless-shell=126.0.6478.183)\nE   Stacktrace:\nE   0   chromedriver                        0x0000000105f81078 chromedriver + 5169272\nE   1   chromedriver                        0x0000000105f78f4a chromedriver + 5136202\nE   2   chromedriver                        0x0000000105af51a1 chromedriver + 401825\nE   3   chromedriver                        0x0000000105b43aa5 chromedriver + 723621\nE   4   chromedriver                        0x0000000105b37562 chromedriver + 673122\nE   5   chromedriver                        0x0000000105b65ab2 chromedriver + 862898\nE   6   chromedriver                        0x0000000105b36ed8 chromedriver + 671448\nE   7   chromedriver                        0x0000000105b65c6e chromedriver + 863342\nE   8   chromedriver                        0x0000000105b84f57 chromedriver + 991063\nE   9   chromedriver                        0x0000000105b65853 chromedriver + 862291\nE   10  chromedriver                        0x0000000105b355c6 chromedriver + 665030\nE   11  chromedriver                        0x0000000105b35e4e chromedriver + 667214\nE   12  chromedriver                        0x0000000105f43c90 chromedriver + 4918416\nE   13  chromedriver                        0x0000000105f48c8d chromedriver + 4938893\nE   14  chromedriver                        0x0000000105f49365 chromedriver + 4940645\nE   15  chromedriver                        0x0000000105f24d74 chromedriver + 4791668\nE   16  chromedriver                        0x0000000105f49659 chromedriver + 4941401\nE   17  chromedriver                        0x0000000105f16544 chromedriver + 4732228\nE   18  chromedriver                        0x0000000105f69828 chromedriver + 5072936\nE   19  chromedriver                        0x0000000105f699e7 chromedriver + 5073383\nE   20  chromedriver                        0x0000000105f78afe chromedriver + 5135102\nE   21  libsystem_pthread.dylib             0x00007ff80b34a4e1 _pthread_start + 125\nE   22  libsystem_pthread.dylib             0x00007ff80b345f6b thread_start + 15\n        e          = <selenium.webdriver.remote.errorhandler.ErrorCode object at 0x10a2e2180>\n        error_code = 'ELEMENT_NOT_INTERACTABLE'\n        error_codes = ['ELEMENT_CLICK_INTERCEPTED', 'ELEMENT_IS_NOT_SELECTABLE', 'ELEMENT_NOT_INTERACTABLE', 'ELEMENT_NOT_VISIBLE', 'IME_ENGINE_ACTIVATION_FAILED', 'IME_NOT_AVAILABLE', ...]\n        error_info = [60, 'element not interactable']\n        exception_class = <class 'selenium.common.exceptions.ElementNotInteractableException'>\n        json       = <module 'json' from '/Library/Frameworks/Python.framework/Versions/3.12/lib/python3.12/json/__init__.py'>\n        message    = 'element not interactable\\n  (Session info: chrome-headless-shell=126.0.6478.183)'\n        response   = {'status': 400, 'value': '{\"value\":{\"error\":\"element not interactable\",\"message\":\"element not interactable\\\\n  (Sessio...ff80b34a4e1 _pthread_start + 125\\\\n22  libsystem_pthread.dylib             0x00007ff80b345f6b thread_start + 15\\\\n\"}}'}\n        screen     = None\n        self       = <selenium.webdriver.remote.errorhandler.ErrorHandler object at 0x10a5c4b90>\n        st_value   = '0   chromedriver                        0x0000000105f81078 chromedriver + 5169272\\n1   chromedriver                  ...x00007ff80b34a4e1 _pthread_start + 125\\n22  libsystem_pthread.dylib             0x00007ff80b345f6b thread_start + 15\\n'\n        stacktrace = ['0   chromedriver                        0x0000000105f81078 chromedriver + 5169272', '1   chromedriver               ...b37562 chromedriver + 673122', '5   chromedriver                        0x0000000105b65ab2 chromedriver + 862898', ...]\n        status     = 'element not interactable'\n        value      = {'error': 'element not interactable', 'message': 'element not interactable\\n  (Session info: chrome-headless-shell=126...00007ff80b34a4e1 _pthread_start + 125\\n22  libsystem_pthread.dylib             0x00007ff80b345f6b thread_start + 15\\n'}\n        value_json = '{\"value\":{\"error\":\"element not interactable\",\"message\":\"element not interactable\\\\n  (Session info: chrome-headless-s...7ff80b34a4e1 _pthread_start + 125\\\\n22  libsystem_pthread.dylib             0x00007ff80b345f6b thread_start + 15\\\\n\"}}'"}, "description": "\n    Test case WERT-1\n    ", "start": 1721589722047, "stop": 1721589727997, "uuid": "943d29d7-1a53-4d83-b626-3feee69a138d", "historyId": "b023c9c826d4997064cfe259ba86bc05", "testCaseId": "b023c9c826d4997064cfe259ba86bc05", "fullName": "tests.test_first#test_product_view_sku", "labels": [{"name": "parentSuite", "value": "tests"}, {"name": "suite", "value": "test_first"}, {"name": "host", "value": "MacBook-Pro-Sergej.local"}, {"name": "thread", "value": "9303-MainThread"}, {"name": "framework", "value": "pytest"}, {"name": "language", "value": "cpython3"}, {"name": "package", "value": "tests.test_first"}]}